<?xml version="1.0" encoding="UTF-8"?>
<!-- Generated by org.testng.reporters.JUnitReportReporter -->
<testsuite hostname="DESKTOP-1BLE9HI" failures="0" tests="2" name="Guru99PageTest.ProductpageTest" time="0.265" errors="0" timestamp="2024-06-18T23:02:12 IST" skipped="0">
  <testcase classname="Guru99PageTest.ProductpageTest" name="testUrl" time="0.049"/>
  <system-out/>
  <testcase classname="Guru99PageTest.ProductpageTest" name="clickbutton" time="0.216"/>
  <system-out/>
</testsuite> <!-- Guru99PageTest.ProductpageTest -->
